2025-10-20 16:09:48, MOVE, v:1, k:poo@roupa, mode:PICK
2025-10-20 16:09:50, EXEC, v:1, k:poo@roupa, mode:FULL, rate:0, size:30
2025-10-20 16:09:50, EXEC, v:1, k:poo@roupa, mode:FULL, rate:0, size:30
2025-10-20 16:09:51, EXEC, v:1, k:poo@roupa, mode:FULL, rate:0, size:30
2025-10-20 16:13:27, MOVE, v:1, k:poo@roupa, mode:PICK
2025-10-20 16:13:28, EXEC, v:1, k:poo@roupa, mode:FULL, rate:0, size:30
2025-10-20 16:13:29, EXEC, v:1, k:poo@roupa, mode:FULL, rate:0
2025-10-20 16:13:29, EXEC, v:1, k:poo@roupa, mode:FULL, rate:0
2025-10-20 16:13:29, EXEC, v:1, k:poo@roupa, mode:FULL, rate:0
2025-10-20 16:16:29, EXEC, v:1, k:poo@roupa, mode:FULL, rate:0, size:27
2025-10-20 16:18:33, EXEC, v:1, k:poo@roupa, mode:FULL, rate:0, size:27
2025-10-20 16:18:34, EXEC, v:1, k:poo@roupa, mode:FULL, rate:0
2025-10-20 16:20:42, EXEC, v:1, k:poo@roupa, mode:FULL, rate:0, size:30
2025-10-20 16:21:01, EXEC, v:1, k:poo@roupa, mode:FULL, rate:0, size:30
2025-10-20 16:22:20, EXEC, v:1, k:poo@roupa, mode:FULL, rate:0, size:31
2025-10-20 16:22:20, EXEC, v:1, k:poo@roupa, mode:FULL, rate:0, size:31
2025-10-20 16:22:33, MOVE, v:1, k:poo@roupa, mode:BACK
2025-10-20 16:22:52, MOVE, v:1, k:poo@roupa, mode:PICK
2025-10-20 16:22:53, EXEC, v:1, k:poo@roupa, mode:FULL, rate:0, size:31
2025-10-20 16:22:53, EXEC, v:1, k:poo@roupa, mode:FULL, rate:0, size:31
2025-10-20 16:23:22, EXEC, v:1, k:poo@roupa, mode:FULL, rate:0, size:31
2025-10-20 16:24:13, EXEC, v:1, k:poo@roupa, mode:FULL, rate:0, size:32
2025-10-20 16:24:14, EXEC, v:1, k:poo@roupa, mode:FULL, rate:0
2025-10-20 16:24:14, EXEC, v:1, k:poo@roupa, mode:FULL, rate:0
2025-10-20 16:24:14, EXEC, v:1, k:poo@roupa, mode:FULL, rate:0
2025-10-20 16:25:39, EXEC, v:1, k:poo@roupa, mode:FULL, rate:0, size:33
2025-10-20 16:25:47, EXEC, v:1, k:poo@roupa, mode:FULL, rate:0, size:33
2025-10-20 16:25:47, EXEC, v:1, k:poo@roupa, mode:FULL, rate:0
2025-10-20 16:27:10, EXEC, v:1, k:poo@roupa, mode:FULL, rate:0, size:33
2025-10-20 16:27:11, EXEC, v:1, k:poo@roupa, mode:FULL, rate:0
2025-10-20 16:27:29, EXEC, v:1, k:poo@roupa, mode:FULL, rate:0, size:33
2025-10-20 16:27:29, EXEC, v:1, k:poo@roupa, mode:FULL, rate:0, size:33
2025-10-20 16:27:46, EXEC, v:1, k:poo@roupa, mode:FULL, rate:0, size:33
2025-10-20 16:27:46, EXEC, v:1, k:poo@roupa, mode:FULL, rate:0, size:33
2025-10-20 16:27:47, EXEC, v:1, k:poo@roupa, mode:FULL, rate:0, size:33
2025-10-20 16:29:26, EXEC, v:1, k:poo@roupa, mode:FULL, rate:0
2025-10-20 16:29:31, EXEC, v:1, k:poo@roupa, mode:FULL, rate:0
2025-10-20 16:30:17, EXEC, v:1, k:poo@roupa, mode:FULL, rate:0, size:33
2025-10-20 16:32:13, EXEC, v:1, k:poo@roupa, mode:FULL, rate:0
2025-10-20 16:33:41, MOVE, v:1, k:poo@roupa, mode:PICK
2025-10-20 16:34:53, MOVE, v:1, k:poo@roupa, mode:PICK
2025-10-20 16:34:53, EXEC, v:1, k:poo@roupa, mode:FULL, rate:100, size:33
2025-10-20 16:34:58, EXEC, v:1, k:poo@roupa, mode:FULL, rate:100
2025-10-20 16:35:16, MOVE, v:1, k:poo@roupa, mode:BACK
2025-10-20 16:35:44, SELF, v:1, k:poo@roupa, rate:100, human:monitor, alone:9, study:90
2025-10-20 16:35:54, SELF, v:1, k:poo@camisa
2025-10-20 16:35:54, MOVE, v:1, k:poo@camisa, mode:PICK
2025-10-20 16:35:55, EXEC, v:1, k:poo@camisa, mode:LOCK, rate:0
2025-10-20 16:35:55, EXEC, v:1, k:poo@camisa, mode:LOCK, rate:0
2025-10-20 16:35:59, MOVE, v:1, k:poo@camisa, mode:BACK
2025-10-20 16:36:14, SELF, v:1, k:poo@camisa, rate:100, alone:10, study:70
2025-10-20 16:36:20, MOVE, v:1, k:poo@chinela, mode:PICK
2025-10-20 16:36:21, EXEC, v:1, k:poo@chinela, mode:LOCK, rate:0
2025-10-20 16:36:22, EXEC, v:1, k:poo@chinela, mode:LOCK, rate:0
2025-10-20 16:37:10, EXEC, v:1, k:poo@chinela, mode:FREE
2025-10-20 16:37:40, MOVE, v:1, k:poo@chinela, mode:BACK
2025-10-20 16:38:50, MOVE, v:1, k:poo@roupa, mode:PICK
2025-10-20 16:38:51, EXEC, v:1, k:poo@roupa, mode:FULL, rate:100
2025-10-20 16:39:08, MOVE, v:1, k:poo@roupa, mode:BACK
2025-10-20 16:41:19, MOVE, v:1, k:poo@roupa, mode:PICK
2025-10-20 16:41:26, MOVE, v:1, k:poo@roupa, mode:PICK
2025-10-20 16:41:27, EXEC, v:1, k:poo@roupa, mode:FULL, rate:100
2025-10-20 16:41:29, MOVE, v:1, k:poo@roupa, mode:BACK
2025-10-20 16:41:52, MOVE, v:1, k:poo@roupa, mode:PICK
2025-10-20 16:41:54, MOVE, v:1, k:poo@roupa, mode:BACK
2025-10-20 16:41:56, MOVE, v:1, k:poo@roupa, mode:PICK
2025-10-20 16:41:56, EXEC, v:1, k:poo@roupa, mode:FULL, rate:100
2025-10-20 16:41:56, EXEC, v:1, k:poo@roupa, mode:FULL, rate:100
2025-10-20 16:41:56, EXEC, v:1, k:poo@roupa, mode:FULL, rate:100
2025-10-20 16:41:58, MOVE, v:1, k:poo@roupa, mode:BACK
2025-10-20 16:41:58, MOVE, v:1, k:poo@camisa, mode:PICK
2025-10-20 16:41:59, MOVE, v:1, k:poo@camisa, mode:BACK
2025-10-20 16:42:01, MOVE, v:1, k:poo@camisa, mode:PICK
2025-10-20 16:42:01, EXEC, v:1, k:poo@camisa, mode:LOCK, rate:0
2025-10-20 16:42:02, MOVE, v:1, k:poo@camisa, mode:BACK
2025-10-20 16:46:20, MOVE, v:1, k:poo@relogio, mode:DOWN
2025-10-20 16:46:26, MOVE, v:1, k:poo@relogio, mode:PICK
2025-10-20 16:46:28, EXEC, v:1, k:poo@relogio, mode:FULL, rate:0, size:0
