2025-10-27 18:00:46, MOVE, v:1, k:poo@relogio, mode:PICK
2025-10-27 18:00:48, EXEC, v:1, k:poo@relogio, mode:FULL, rate:100, size:85
2025-10-27 18:00:49, EXEC, v:1, k:poo@relogio, mode:FULL, rate:100
2025-10-27 18:00:50, EXEC, v:1, k:poo@relogio, mode:FULL, rate:100
2025-10-27 18:00:51, MOVE, v:1, k:poo@relogio, mode:BACK
2025-10-27 18:09:58, MOVE, v:1, k:poo@motouber, mode:DOWN
2025-10-27 18:10:00, MOVE, v:1, k:poo@motouber, mode:PICK
2025-10-27 18:10:21, EXEC, v:1, k:poo@motouber, mode:FULL, rate:0, size:0
2025-10-27 18:43:58, EXEC, v:1, k:poo@motouber, mode:FULL, rate:0
2025-10-27 19:30:56, EXEC, v:1, k:poo@motouber, mode:FULL, rate:0, size:70
2025-10-27 19:44:47, EXEC, v:1, k:poo@motouber, mode:FULL, rate:0, size:85
2025-10-27 19:44:48, EXEC, v:1, k:poo@motouber, mode:FULL, rate:0
2025-10-27 19:44:48, EXEC, v:1, k:poo@motouber, mode:FULL, rate:0
2025-10-27 19:44:48, EXEC, v:1, k:poo@motouber, mode:FULL, rate:0
2025-10-27 19:44:49, EXEC, v:1, k:poo@motouber, mode:FULL, rate:0
2025-10-27 19:44:49, EXEC, v:1, k:poo@motouber, mode:FULL, rate:0
2025-10-27 19:45:05, EXEC, v:1, k:poo@motouber, mode:FULL, rate:0, size:85
2025-10-27 19:45:07, EXEC, v:1, k:poo@motouber, mode:FULL, rate:0
2025-10-27 19:45:39, EXEC, v:1, k:poo@motouber, mode:FULL, rate:37, size:85
2025-10-27 19:50:38, EXEC, v:1, k:poo@motouber, mode:FULL, rate:37, size:88
2025-10-27 19:50:39, EXEC, v:1, k:poo@motouber, mode:FULL, rate:37
2025-10-27 19:55:48, EXEC, v:1, k:poo@motouber, mode:FULL, rate:12, size:90
2025-10-27 19:56:52, EXEC, v:1, k:poo@motouber, mode:FULL, rate:12, size:90
2025-10-27 20:04:10, EXEC, v:1, k:poo@motouber, mode:FULL, rate:0, size:93
2025-10-27 20:16:15, EXEC, v:1, k:poo@motouber, mode:FULL, rate:0, size:96
2025-10-27 20:17:06, EXEC, v:1, k:poo@motouber, mode:FULL, rate:0, size:95
2025-10-27 20:17:08, EXEC, v:1, k:poo@motouber, mode:FULL, rate:0
2025-10-27 20:18:09, EXEC, v:1, k:poo@motouber, mode:FULL, rate:0, size:96
2025-10-27 20:23:04, EXEC, v:1, k:poo@motouber, mode:FULL, rate:0, size:96
2025-10-27 20:23:33, EXEC, v:1, k:poo@motouber, mode:FULL, rate:0, size:96
2025-10-27 20:24:19, EXEC, v:1, k:poo@motouber, mode:FULL, rate:0, size:96
2025-10-27 20:26:08, EXEC, v:1, k:poo@motouber, mode:FULL, rate:0, size:98
2025-10-27 20:26:30, EXEC, v:1, k:poo@motouber, mode:FULL, rate:0, size:98
2025-10-27 20:26:30, EXEC, v:1, k:poo@motouber, mode:FULL, rate:0, size:98
2025-10-27 20:26:31, EXEC, v:1, k:poo@motouber, mode:FULL, rate:0, size:98
2025-10-27 20:26:31, EXEC, v:1, k:poo@motouber, mode:FULL, rate:0, size:98
2025-10-27 20:26:31, EXEC, v:1, k:poo@motouber, mode:FULL, rate:0, size:98
2025-10-27 20:27:51, EXEC, v:1, k:poo@motouber, mode:FULL, rate:0, size:99
2025-10-27 20:29:07, EXEC, v:1, k:poo@motouber, mode:FULL, rate:0, size:99
2025-10-27 20:29:17, EXEC, v:1, k:poo@motouber, mode:FULL, rate:0, size:98
2025-10-27 20:29:32, EXEC, v:1, k:poo@motouber, mode:FULL, rate:0, size:98
2025-10-27 20:29:40, EXEC, v:1, k:poo@motouber, mode:FULL, rate:0, size:98
2025-10-27 20:29:54, EXEC, v:1, k:poo@motouber, mode:FULL, rate:0
2025-10-27 20:48:12, EXEC, v:1, k:poo@motouber, mode:FULL, rate:0, size:111
2025-10-27 20:57:07, EXEC, v:1, k:poo@motouber, mode:FULL, rate:0, size:115
2025-10-27 20:57:19, EXEC, v:1, k:poo@motouber, mode:FULL, rate:0
2025-10-27 20:58:13, EXEC, v:1, k:poo@motouber, mode:FULL, rate:0, size:115
2025-10-27 21:00:10, EXEC, v:1, k:poo@motouber, mode:FULL, rate:0, size:118
2025-10-27 21:02:48, EXEC, v:1, k:poo@motouber, mode:FULL, rate:50, size:121
2025-10-27 21:08:02, EXEC, v:1, k:poo@motouber, mode:FULL, rate:50, size:116
2025-10-27 21:08:07, EXEC, v:1, k:poo@motouber, mode:FULL, rate:50
2025-10-27 21:11:57, EXEC, v:1, k:poo@motouber, mode:FULL, rate:50, size:126
2025-10-27 21:16:09, EXEC, v:1, k:poo@motouber, mode:FULL, rate:50, size:116
2025-10-27 21:19:48, EXEC, v:1, k:poo@motouber, mode:FULL, rate:100, size:116
2025-10-27 21:27:39, EXEC, v:1, k:poo@motouber, mode:FULL, rate:100
